0 info it worked if it ends with ok
1 verbose cli [ 'node', '/usr/local/bin/npm', 'start' ]
2 info using npm@3.7.1
3 info using node@v0.10.25
4 verbose node symlink /usr/bin/node
5 verbose run-script [ 'prestart', 'start', 'poststart' ]
6 info lifecycle url-shortener-microservice@1.0.1~prestart: url-shortener-microservice@1.0.1
7 silly lifecycle url-shortener-microservice@1.0.1~prestart: no script for prestart, continuing
8 info lifecycle url-shortener-microservice@1.0.1~start: url-shortener-microservice@1.0.1
9 verbose lifecycle url-shortener-microservice@1.0.1~start: unsafe-perm in lifecycle true
10 verbose lifecycle url-shortener-microservice@1.0.1~start: PATH: /usr/local/lib/node_modules/npm/bin/node-gyp-bin:/home/j/node_example/url-shortener-microservice/node_modules/.bin:/usr/bin:/usr/local/heroku/bin:/home/j/.gvm/vertx/current/bin:/home/j/.gvm/springboot/current/bin:/home/j/.gvm/lazybones/current/bin:/home/j/.gvm/jbake/current/bin:/home/j/.gvm/groovyserv/current/bin:/home/j/.gvm/groovy/current/bin:/home/j/.gvm/griffon/current/bin:/home/j/.gvm/grails/current/bin:/home/j/.gvm/gradle/current/bin:/home/j/.gvm/glide/current/bin:/home/j/.gvm/gaiden/current/bin:/home/j/.gvm/crash/current/bin:/home/j/.gvm/asciidoctorj/current/bin:/usr/local/sbin:/usr/local/bin:/usr/sbin:/usr/bin:/sbin:/bin:/usr/games:/usr/local/games
11 verbose lifecycle url-shortener-microservice@1.0.1~start: CWD: /home/j/node_example/url-shortener-microservice
12 silly lifecycle url-shortener-microservice@1.0.1~start: Args: [ '-c', 'node index.js' ]
13 silly lifecycle url-shortener-microservice@1.0.1~start: Returned: code: 8  signal: null
14 info lifecycle url-shortener-microservice@1.0.1~start: Failed to exec start script
15 verbose stack Error: url-shortener-microservice@1.0.1 start: `node index.js`
15 verbose stack Exit status 8
15 verbose stack     at EventEmitter.<anonymous> (/usr/local/lib/node_modules/npm/lib/utils/lifecycle.js:239:16)
15 verbose stack     at EventEmitter.emit (events.js:98:17)
15 verbose stack     at ChildProcess.<anonymous> (/usr/local/lib/node_modules/npm/lib/utils/spawn.js:24:14)
15 verbose stack     at ChildProcess.EventEmitter.emit (events.js:98:17)
15 verbose stack     at maybeClose (child_process.js:743:16)
15 verbose stack     at Process.ChildProcess._handle.onexit (child_process.js:810:5)
16 verbose pkgid url-shortener-microservice@1.0.1
17 verbose cwd /home/j/node_example/url-shortener-microservice
18 error Linux 4.2.0-30-generic
19 error argv "node" "/usr/local/bin/npm" "start"
20 error node v0.10.25
21 error npm  v3.7.1
22 error code ELIFECYCLE
23 error url-shortener-microservice@1.0.1 start: `node index.js`
23 error Exit status 8
24 error Failed at the url-shortener-microservice@1.0.1 start script 'node index.js'.
24 error Make sure you have the latest version of node.js and npm installed.
24 error If you do, this is most likely a problem with the url-shortener-microservice package,
24 error not with npm itself.
24 error Tell the author that this fails on your system:
24 error     node index.js
24 error You can get information on how to open an issue for this project with:
24 error     npm bugs url-shortener-microservice
24 error Or if that isn't available, you can get their info via:
24 error     npm owner ls url-shortener-microservice
24 error There is likely additional logging output above.
25 verbose exit [ 1, true ]
